<?xml version="1.0" encoding="UTF-8"?>
<!-- Generated by org.testng.reporters.JUnitXMLReporter -->
<testsuite ignored="0" hostname="HYDLPT-69KJN" failures="1" tests="1" name="Default test" time="39.993" errors="0" timestamp="2022-08-17T20:02:39 IST">
  <testcase classname="runner.HomePageRunner" name="my_test" time="39.957">
    <failure type="io.cucumber.java.PendingException" message="TODO: implement me">
      <![CDATA[io.cucumber.java.PendingException: TODO: implement me
at stepDefinition.ThenSteps.verify_different_storage_options_avaialble_for_different_colors(ThenSteps.java:19)
at ✽.Verify different storage options avaialble for different colors(file:///C:/SwissCom/Java_Assignment/selenium_workspace/SwissCom-HomePage/src/test/resources/features/SearchHomePage.feature:30)
]]>
    </failure>
  </testcase> <!-- my_test -->
</testsuite> <!-- Default test -->
