<?xml version="1.0" encoding="UTF-8"?>
<testng-results ignored="0" total="1" passed="0" failed="1" skipped="0">
  <reporter-output>
  </reporter-output>
  <suite started-at="2022-08-17T20:01:59 IST" name="Default suite" finished-at="2022-08-17T20:02:39 IST" duration-ms="39993">
    <groups>
    </groups>
    <test started-at="2022-08-17T20:01:59 IST" name="Default test" finished-at="2022-08-17T20:02:39 IST" duration-ms="39993">
      <class name="runner.HomePageRunner">
        <test-method is-config="true" signature="initalizeDriver()[pri:0, instance:runner.HomePageRunner@20ce78ec]" started-at="2022-08-17T20:01:57 IST" name="initalizeDriver" finished-at="2022-08-17T20:01:59 IST" duration-ms="2135" status="PASS">
          <reporter-output>
          </reporter-output>
        </test-method> <!-- initalizeDriver -->
        <test-method signature="my_test(io.cucumber.testng.PickleWrapper,io.cucumber.testng.FeatureWrapper)[pri:0, instance:runner.HomePageRunner@20ce78ec]" started-at="2022-08-17T20:01:59 IST" name="my_test" data-provider="scenarios" finished-at="2022-08-17T20:02:39 IST" duration-ms="39957" status="FAIL">
          <params>
            <param index="0">
              <value>
                <![CDATA["search for iphone and internet in Swisscom homepage and verifies them"]]>
              </value>
            </param>
            <param index="1">
              <value>
                <![CDATA["Optional[Search Functionality]"]]>
              </value>
            </param>
          </params>
          <exception class="io.cucumber.java.PendingException">
            <message>
              <![CDATA[TODO: implement me]]>
            </message>
            <full-stacktrace>
              <![CDATA[io.cucumber.java.PendingException: TODO: implement me
at stepDefinition.ThenSteps.verify_different_storage_options_avaialble_for_different_colors(ThenSteps.java:19)
at ✽.Verify different storage options avaialble for different colors(file:///C:/SwissCom/Java_Assignment/selenium_workspace/SwissCom-HomePage/src/test/resources/features/SearchHomePage.feature:30)
]]>
            </full-stacktrace>
          </exception> <!-- io.cucumber.java.PendingException -->
          <reporter-output>
          </reporter-output>
        </test-method> <!-- my_test -->
        <test-method is-config="true" signature="tearDownClass()[pri:0, instance:runner.HomePageRunner@20ce78ec]" started-at="2022-08-17T20:02:39 IST" name="tearDownClass" finished-at="2022-08-17T20:02:39 IST" duration-ms="516" status="PASS">
          <reporter-output>
          </reporter-output>
        </test-method> <!-- tearDownClass -->
      </class> <!-- runner.HomePageRunner -->
    </test> <!-- Default test -->
  </suite> <!-- Default suite -->
</testng-results>
