<?xml version="1.0" encoding="UTF-8"?>
<!-- Generated by org.testng.reporters.JUnitReportReporter -->
<testsuite hostname="HYDLPT-69KJN" failures="0" tests="1" name="runner.HomePageRunner" time="39.957" errors="1" timestamp="2022-08-17T20:02:39 IST" skipped="0">
  <testcase classname="runner.HomePageRunner" name="my_test" time="39.957">
    <error message="TODO: implement me" type="io.cucumber.java.PendingException">
      <![CDATA[io.cucumber.java.PendingException: TODO: implement me
at stepDefinition.ThenSteps.verify_different_storage_options_avaialble_for_different_colors(ThenSteps.java:19)
at ✽.Verify different storage options avaialble for different colors(file:///C:/SwissCom/Java_Assignment/selenium_workspace/SwissCom-HomePage/src/test/resources/features/SearchHomePage.feature:30)
]]>
    </error>
  </testcase> <!-- my_test -->
  <system-out/>
</testsuite> <!-- runner.HomePageRunner -->
